Using pre-set license
Built from '2020.3/staging' branch; Version is '2020.3.11f1 (99c7afb366b3) revision 10078127'; Using compiler version '192528614'; Build Type 'Release'
OS: 'Windows 10 Education; OS build 19043.1466; Version 2009; 64bit' Language: 'fi' Physical Memory: 7603 MB
BatchMode: 1, IsHumanControllingUs: 0, StartBugReporterOnCrash: 0, Is64bit: 1, IsPro: 0

 COMMAND LINE ARGUMENTS:
C:\Program Files\Unity\Hub\Editor\2020.3.11f1\Editor\Unity.exe
-adb2
-batchMode
-noUpm
-name
AssetImportWorker1
-projectPath
C:/Users/sami.hakkarainen/Documents/GitHub/FpTyonHaku
-logFile
Logs/AssetImportWorker1.log
-srvPort
50077
Successfully changed project path to: C:/Users/sami.hakkarainen/Documents/GitHub/FpTyonHaku
C:/Users/sami.hakkarainen/Documents/GitHub/FpTyonHaku
Using Asset Import Pipeline V2.
Refreshing native plugins compatible for Editor in 87.57 ms, found 2 plugins.
Preloading 0 native plugins for Editor in 0.00 ms.
Initialize engine version: 2020.3.11f1 (99c7afb366b3)
[Subsystems] Discovering subsystems at path C:/Program Files/Unity/Hub/Editor/2020.3.11f1/Editor/Data/Resources/UnitySubsystems
[Subsystems] Discovering subsystems at path C:/Users/sami.hakkarainen/Documents/GitHub/FpTyonHaku/Assets
GfxDevice: creating device client; threaded=0
Direct3D:
    Version:  Direct3D 11.0 [level 11.1]
    Renderer: Intel(R) UHD Graphics 620 (ID=0x5917)
    Vendor:   
    VRAM:     3801 MB
    Driver:   27.20.100.8854
Initialize mono
Mono path[0] = 'C:/Program Files/Unity/Hub/Editor/2020.3.11f1/Editor/Data/Managed'
Mono path[1] = 'C:/Program Files/Unity/Hub/Editor/2020.3.11f1/Editor/Data/MonoBleedingEdge/lib/mono/unityjit'
Mono config path = 'C:/Program Files/Unity/Hub/Editor/2020.3.11f1/Editor/Data/MonoBleedingEdge/etc'
Using monoOptions --debugger-agent=transport=dt_socket,embedding=1,server=y,suspend=n,address=127.0.0.1:56556
Begin MonoManager ReloadAssembly
Registering precompiled unity dll's ...
Register platform support module: C:/Program Files/Unity/Hub/Editor/2020.3.11f1/Editor/Data/PlaybackEngines/WebGLSupport/UnityEditor.WebGL.Extensions.dll
Register platform support module: C:/Program Files/Unity/Hub/Editor/2020.3.11f1/Editor/Data/PlaybackEngines/WindowsStandaloneSupport/UnityEditor.WindowsStandalone.Extensions.dll
Registered in 0.005994 seconds.
Native extension for WindowsStandalone target not found
Native extension for WebGL target not found
Refreshing native plugins compatible for Editor in 87.37 ms, found 2 plugins.
Preloading 0 native plugins for Editor in 0.00 ms.
Mono: successfully reloaded assembly
- Completed reload, in  5.597 seconds
Platform modules already initialized, skipping
Registering precompiled user dll's ...
Registered in 0.020642 seconds.
Begin MonoManager ReloadAssembly
Native extension for WindowsStandalone target not found
Native extension for WebGL target not found
Refreshing native plugins compatible for Editor in 76.85 ms, found 2 plugins.
Preloading 0 native plugins for Editor in 0.00 ms.
Mono: successfully reloaded assembly
- Completed reload, in  1.875 seconds
Platform modules already initialized, skipping
========================================================================
Worker process is ready to serve import requests
Launched and connected shader compiler UnityShaderCompiler.exe after 0.10 seconds
Refreshing native plugins compatible for Editor in 0.74 ms, found 2 plugins.
Preloading 0 native plugins for Editor in 0.00 ms.
Unloading 2423 Unused Serialized files (Serialized files now loaded: 0)
System memory in use before: 131.1 MB.
System memory in use after: 131.2 MB.

Unloading 120 unused Assets to reduce memory usage. Loaded Objects now: 2869.
Total: 3.316800 ms (FindLiveObjects: 0.269500 ms CreateObjectMapping: 0.139600 ms MarkObjects: 2.604800 ms  DeleteObjects: 0.301600 ms)

========================================================================
Received Import Request.
  path: Assets/MyScenes/Asunto.unity
  artifactKey: Guid(f725e9d8a98fc0c4cbd1838f8f8ac9f1) Importer(815301076,1909f56bfc062723c751e8b465ee728b)
Start importing Assets/MyScenes/Asunto.unity using Guid(f725e9d8a98fc0c4cbd1838f8f8ac9f1) Importer(815301076,1909f56bfc062723c751e8b465ee728b)  -> (artifact id: '327cc3ab733b88be6aaa49e15de2efcb') in 0.021851 seconds
  Import took 0.029094 seconds .

========================================================================
Received Import Request.
  Time since last request: 2.925276 seconds.
  path: Assets/MyScenes/MainScene.unity
  artifactKey: Guid(f725e9d8a98fc0c4cbd1838f8f8ac9f1) Importer(815301076,1909f56bfc062723c751e8b465ee728b)
Start importing Assets/MyScenes/MainScene.unity using Guid(f725e9d8a98fc0c4cbd1838f8f8ac9f1) Importer(815301076,1909f56bfc062723c751e8b465ee728b)  -> (artifact id: '1d8569e93bd3e847c32a955737eeeeab') in 0.023986 seconds
  Import took 0.034142 seconds .

========================================================================
Received Prepare
Registering precompiled user dll's ...
Registered in 0.005658 seconds.
Begin MonoManager ReloadAssembly
Native extension for WindowsStandalone target not found
Native extension for WebGL target not found
Refreshing native plugins compatible for Editor in 0.78 ms, found 2 plugins.
Preloading 0 native plugins for Editor in 0.00 ms.
Warning: Annotation not found!
UnityEngine.StackTraceUtility:ExtractStackTrace ()
UnityEditor.ProBuilder.EditorUtility:SetGizmoIconEnabled (System.Type,bool) (at Library/PackageCache/com.unity.probuilder@5.0.3/Editor/EditorCore/EditorUtility.cs:575)
UnityEditor.ProBuilder.HierarchyListener:.cctor () (at Library/PackageCache/com.unity.probuilder@5.0.3/Editor/EditorCore/HierarchyListener.cs:21)
System.Runtime.CompilerServices.RuntimeHelpers:RunClassConstructor (System.RuntimeTypeHandle)
UnityEditor.EditorAssemblies:ProcessInitializeOnLoadAttributes (System.Type[])

[Library/PackageCache/com.unity.probuilder@5.0.3/Editor/EditorCore/EditorUtility.cs line 575]

Mono: successfully reloaded assembly
- Completed reload, in  1.247 seconds
Platform modules already initialized, skipping
Refreshing native plugins compatible for Editor in 0.76 ms, found 2 plugins.
Preloading 0 native plugins for Editor in 0.00 ms.
Unloading 2361 Unused Serialized files (Serialized files now loaded: 0)
System memory in use before: 126.5 MB.
System memory in use after: 126.6 MB.

Unloading 15 unused Assets to reduce memory usage. Loaded Objects now: 2871.
Total: 3.255000 ms (FindLiveObjects: 0.288300 ms CreateObjectMapping: 0.129200 ms MarkObjects: 2.732000 ms  DeleteObjects: 0.104200 ms)

========================================================================
Received Prepare
Registering precompiled user dll's ...
Registered in 0.012470 seconds.
Begin MonoManager ReloadAssembly
Native extension for WindowsStandalone target not found
Native extension for WebGL target not found
Refreshing native plugins compatible for Editor in 0.78 ms, found 2 plugins.
Preloading 0 native plugins for Editor in 0.00 ms.
Warning: Annotation not found!
UnityEngine.StackTraceUtility:ExtractStackTrace ()
UnityEditor.ProBuilder.EditorUtility:SetGizmoIconEnabled (System.Type,bool) (at Library/PackageCache/com.unity.probuilder@5.0.3/Editor/EditorCore/EditorUtility.cs:575)
UnityEditor.ProBuilder.HierarchyListener:.cctor () (at Library/PackageCache/com.unity.probuilder@5.0.3/Editor/EditorCore/HierarchyListener.cs:21)
System.Runtime.CompilerServices.RuntimeHelpers:RunClassConstructor (System.RuntimeTypeHandle)
UnityEditor.EditorAssemblies:ProcessInitializeOnLoadAttributes (System.Type[])

[Library/PackageCache/com.unity.probuilder@5.0.3/Editor/EditorCore/EditorUtility.cs line 575]

Mono: successfully reloaded assembly
- Completed reload, in  1.773 seconds
Platform modules already initialized, skipping
Refreshing native plugins compatible for Editor in 1.14 ms, found 2 plugins.
Preloading 0 native plugins for Editor in 0.00 ms.
Unloading 2361 Unused Serialized files (Serialized files now loaded: 0)
System memory in use before: 126.5 MB.
System memory in use after: 126.7 MB.

Unloading 15 unused Assets to reduce memory usage. Loaded Objects now: 2873.
Total: 4.448900 ms (FindLiveObjects: 0.376800 ms CreateObjectMapping: 0.164500 ms MarkObjects: 3.780800 ms  DeleteObjects: 0.125600 ms)

========================================================================
Received Import Request.
  Time since last request: 4823.360840 seconds.
  path: Assets/StarterAssets/FirstPersonController/Prefabs/MainCamera.prefab
  artifactKey: Guid(2d3a85ecde41a8246a79669975912b74) Importer(815301076,1909f56bfc062723c751e8b465ee728b)
Start importing Assets/StarterAssets/FirstPersonController/Prefabs/MainCamera.prefab using Guid(2d3a85ecde41a8246a79669975912b74) Importer(815301076,1909f56bfc062723c751e8b465ee728b)  -> (artifact id: '89ed4858959f3e2b059d64cb3885f9d2') in 0.091338 seconds
  Import took 0.099707 seconds .

========================================================================
Received Import Request.
  Time since last request: 0.000342 seconds.
  path: Assets/StarterAssets/FirstPersonController/Prefabs/PlayerFollowCamera.prefab
  artifactKey: Guid(9c489a8547f4d9e4387da15a4ff82c81) Importer(815301076,1909f56bfc062723c751e8b465ee728b)
Start importing Assets/StarterAssets/FirstPersonController/Prefabs/PlayerFollowCamera.prefab using Guid(9c489a8547f4d9e4387da15a4ff82c81) Importer(815301076,1909f56bfc062723c751e8b465ee728b)  -> (artifact id: '524cd55cef28be5cebe49e8f8c363b2e') in 0.044379 seconds
  Import took 0.054618 seconds .

========================================================================
Received Import Request.
  Time since last request: 0.000611 seconds.
  path: Assets/StarterAssets/FirstPersonController/Prefabs/PlayerCapsule.prefab
  artifactKey: Guid(c5efc39a8aaf6e64ea40e9ad573e9b47) Importer(815301076,1909f56bfc062723c751e8b465ee728b)
Start importing Assets/StarterAssets/FirstPersonController/Prefabs/PlayerCapsule.prefab using Guid(c5efc39a8aaf6e64ea40e9ad573e9b47) Importer(815301076,1909f56bfc062723c751e8b465ee728b)  -> (artifact id: '13dbe0156eb6266ebe467f04841a11ef') in 0.157903 seconds
  Import took 0.168765 seconds .

========================================================================
Received Import Request.
  Time since last request: 0.000337 seconds.
  path: Assets/StarterAssets/FirstPersonController/Prefabs/NestedParent_Unpack.prefab
  artifactKey: Guid(035bf1ba97d19214580cfe6f5a29fdc3) Importer(815301076,1909f56bfc062723c751e8b465ee728b)
Start importing Assets/StarterAssets/FirstPersonController/Prefabs/NestedParent_Unpack.prefab using Guid(035bf1ba97d19214580cfe6f5a29fdc3) Importer(815301076,1909f56bfc062723c751e8b465ee728b)  -> (artifact id: '351609c766a97f51d5c78223d6cd685f') in 0.143011 seconds
  Import took 0.150215 seconds .

========================================================================
Received Prepare
Registering precompiled user dll's ...
Registered in 0.063577 seconds.
Begin MonoManager ReloadAssembly
Native extension for WindowsStandalone target not found
Native extension for WebGL target not found
Refreshing native plugins compatible for Editor in 0.78 ms, found 2 plugins.
Preloading 0 native plugins for Editor in 0.00 ms.
Warning: Annotation not found!
UnityEngine.StackTraceUtility:ExtractStackTrace ()
UnityEditor.ProBuilder.EditorUtility:SetGizmoIconEnabled (System.Type,bool) (at Library/PackageCache/com.unity.probuilder@5.0.3/Editor/EditorCore/EditorUtility.cs:575)
UnityEditor.ProBuilder.HierarchyListener:.cctor () (at Library/PackageCache/com.unity.probuilder@5.0.3/Editor/EditorCore/HierarchyListener.cs:21)
System.Runtime.CompilerServices.RuntimeHelpers:RunClassConstructor (System.RuntimeTypeHandle)
UnityEditor.EditorAssemblies:ProcessInitializeOnLoadAttributes (System.Type[])

[Library/PackageCache/com.unity.probuilder@5.0.3/Editor/EditorCore/EditorUtility.cs line 575]

Mono: successfully reloaded assembly
- Completed reload, in  1.562 seconds
Platform modules already initialized, skipping
Refreshing native plugins compatible for Editor in 0.74 ms, found 2 plugins.
Preloading 0 native plugins for Editor in 0.00 ms.
Unloading 2361 Unused Serialized files (Serialized files now loaded: 0)
System memory in use before: 129.0 MB.
System memory in use after: 129.2 MB.

Unloading 15 unused Assets to reduce memory usage. Loaded Objects now: 2883.
Total: 3.954100 ms (FindLiveObjects: 0.331200 ms CreateObjectMapping: 0.132100 ms MarkObjects: 3.387600 ms  DeleteObjects: 0.102200 ms)

========================================================================
Received Import Request.
  Time since last request: 106.409000 seconds.
  path: Assets/POLYGON city pack/Prefabs/Buildings/Building_D1_prefab.prefab
  artifactKey: Guid(f9526b7c12770f14aa830082aa6d9b45) Importer(815301076,1909f56bfc062723c751e8b465ee728b)
Start importing Assets/POLYGON city pack/Prefabs/Buildings/Building_D1_prefab.prefab using Guid(f9526b7c12770f14aa830082aa6d9b45) Importer(815301076,1909f56bfc062723c751e8b465ee728b)  -> (artifact id: '778badd26d4cc12259aff1e2d98b4dc7') in 0.135493 seconds
  Import took 0.142331 seconds .

========================================================================
Received Import Request.
  Time since last request: 0.000807 seconds.
  path: Assets/POLYGON city pack/Prefabs/Buildings/Building_E_prefab.prefab
  artifactKey: Guid(5b71bcfe27faa8a4a9ec939bb5377114) Importer(815301076,1909f56bfc062723c751e8b465ee728b)
Start importing Assets/POLYGON city pack/Prefabs/Buildings/Building_E_prefab.prefab using Guid(5b71bcfe27faa8a4a9ec939bb5377114) Importer(815301076,1909f56bfc062723c751e8b465ee728b)  -> (artifact id: '0a202e41835c71ad75eb9098f741b125') in 0.108118 seconds
  Import took 0.114104 seconds .

========================================================================
Received Import Request.
  Time since last request: 0.731465 seconds.
  path: Assets/POLYGON city pack/Prefabs/Floor/Sideway 9 prefab.prefab
  artifactKey: Guid(3e51558bab861cb4abd5698ff3cc1a4e) Importer(815301076,1909f56bfc062723c751e8b465ee728b)
Start importing Assets/POLYGON city pack/Prefabs/Floor/Sideway 9 prefab.prefab using Guid(3e51558bab861cb4abd5698ff3cc1a4e) Importer(815301076,1909f56bfc062723c751e8b465ee728b)  -> (artifact id: '75f0f58f77515fd1eac57e90fe31c72b') in 0.070666 seconds
  Import took 0.075796 seconds .

========================================================================
Received Import Request.
  Time since last request: 0.000356 seconds.
  path: Assets/POLYGON city pack/Prefabs/Floor/Sideway 11 prefab.prefab
  artifactKey: Guid(0d994adf9f1bb3048b05c73f76d42756) Importer(815301076,1909f56bfc062723c751e8b465ee728b)
Start importing Assets/POLYGON city pack/Prefabs/Floor/Sideway 11 prefab.prefab using Guid(0d994adf9f1bb3048b05c73f76d42756) Importer(815301076,1909f56bfc062723c751e8b465ee728b)  -> (artifact id: 'fbdc467925997c99e7579e57951c6c66') in 0.054663 seconds
  Import took 0.061272 seconds .

========================================================================
Received Import Request.
  Time since last request: 0.000336 seconds.
  path: Assets/POLYGON city pack/Prefabs/Floor/Sideway 10 prefab.prefab
  artifactKey: Guid(f48ca42bbf7370343a33a9e87b1d9fdb) Importer(815301076,1909f56bfc062723c751e8b465ee728b)
Start importing Assets/POLYGON city pack/Prefabs/Floor/Sideway 10 prefab.prefab using Guid(f48ca42bbf7370343a33a9e87b1d9fdb) Importer(815301076,1909f56bfc062723c751e8b465ee728b)  -> (artifact id: 'f9e8828c5545f91da21fdcb5fdf24591') in 0.044309 seconds
  Import took 0.052190 seconds .

========================================================================
Received Import Request.
  Time since last request: 0.009914 seconds.
  path: Assets/POLYGON city pack/Prefabs/Floor/Sideway 10 prefab.prefab
  artifactKey: Guid(f48ca42bbf7370343a33a9e87b1d9fdb) Importer(815301076,1909f56bfc062723c751e8b465ee728b)
Start importing Assets/POLYGON city pack/Prefabs/Floor/Sideway 10 prefab.prefab using Guid(f48ca42bbf7370343a33a9e87b1d9fdb) Importer(815301076,1909f56bfc062723c751e8b465ee728b)  -> (artifact id: 'f9e8828c5545f91da21fdcb5fdf24591') in 0.017853 seconds
  Import took 0.028166 seconds .

========================================================================
Received Import Request.
  Time since last request: 35.347761 seconds.
  path: Assets/MyScenes/Hakemus.unity
  artifactKey: Guid(4eacae36b8a11974b8327f5758af62fc) Importer(815301076,1909f56bfc062723c751e8b465ee728b)
Start importing Assets/MyScenes/Hakemus.unity using Guid(4eacae36b8a11974b8327f5758af62fc) Importer(815301076,1909f56bfc062723c751e8b465ee728b)  -> (artifact id: '25344c0b7497cfe5136b5c07e9941d70') in 0.015824 seconds
  Import took 0.050540 seconds .

AssetImportWorkerClient::OnTransportError - code=2 error=End of file
