Using pre-set license
Built from '2020.3/staging' branch; Version is '2020.3.11f1 (99c7afb366b3) revision 10078127'; Using compiler version '192528614'; Build Type 'Release'
OS: 'Windows 10 Education; OS build 19043.1586; Version 2009; 64bit' Language: 'fi' Physical Memory: 7603 MB
BatchMode: 1, IsHumanControllingUs: 0, StartBugReporterOnCrash: 0, Is64bit: 1, IsPro: 0

 COMMAND LINE ARGUMENTS:
C:\Program Files\Unity\Hub\Editor\2020.3.11f1\Editor\Unity.exe
-adb2
-batchMode
-noUpm
-name
AssetImportWorker0
-projectPath
C:/Users/sami.hakkarainen/Documents/GitHub/FpTyonHaku
-logFile
Logs/AssetImportWorker0.log
-srvPort
60920
Successfully changed project path to: C:/Users/sami.hakkarainen/Documents/GitHub/FpTyonHaku
C:/Users/sami.hakkarainen/Documents/GitHub/FpTyonHaku
Using Asset Import Pipeline V2.
Refreshing native plugins compatible for Editor in 80.87 ms, found 2 plugins.
Preloading 0 native plugins for Editor in 0.00 ms.
Initialize engine version: 2020.3.11f1 (99c7afb366b3)
[Subsystems] Discovering subsystems at path C:/Program Files/Unity/Hub/Editor/2020.3.11f1/Editor/Data/Resources/UnitySubsystems
[Subsystems] Discovering subsystems at path C:/Users/sami.hakkarainen/Documents/GitHub/FpTyonHaku/Assets
GfxDevice: creating device client; threaded=0
Direct3D:
    Version:  Direct3D 11.0 [level 11.1]
    Renderer: Intel(R) UHD Graphics 620 (ID=0x5917)
    Vendor:   
    VRAM:     3801 MB
    Driver:   27.20.100.8854
Initialize mono
Mono path[0] = 'C:/Program Files/Unity/Hub/Editor/2020.3.11f1/Editor/Data/Managed'
Mono path[1] = 'C:/Program Files/Unity/Hub/Editor/2020.3.11f1/Editor/Data/MonoBleedingEdge/lib/mono/unityjit'
Mono config path = 'C:/Program Files/Unity/Hub/Editor/2020.3.11f1/Editor/Data/MonoBleedingEdge/etc'
Using monoOptions --debugger-agent=transport=dt_socket,embedding=1,server=y,suspend=n,address=127.0.0.1:56704
Begin MonoManager ReloadAssembly
Registering precompiled unity dll's ...
Register platform support module: C:/Program Files/Unity/Hub/Editor/2020.3.11f1/Editor/Data/PlaybackEngines/WebGLSupport/UnityEditor.WebGL.Extensions.dll
Register platform support module: C:/Program Files/Unity/Hub/Editor/2020.3.11f1/Editor/Data/PlaybackEngines/WindowsStandaloneSupport/UnityEditor.WindowsStandalone.Extensions.dll
Registered in 0.003999 seconds.
Native extension for WindowsStandalone target not found
Native extension for WebGL target not found
Refreshing native plugins compatible for Editor in 66.46 ms, found 2 plugins.
Preloading 0 native plugins for Editor in 0.00 ms.
Mono: successfully reloaded assembly
- Completed reload, in  5.804 seconds
Platform modules already initialized, skipping
Registering precompiled user dll's ...
Registered in 0.010650 seconds.
Begin MonoManager ReloadAssembly
Native extension for WindowsStandalone target not found
Native extension for WebGL target not found
Refreshing native plugins compatible for Editor in 71.37 ms, found 2 plugins.
Preloading 0 native plugins for Editor in 0.00 ms.
Mono: successfully reloaded assembly
- Completed reload, in  1.598 seconds
Platform modules already initialized, skipping
========================================================================
Worker process is ready to serve import requests
Launched and connected shader compiler UnityShaderCompiler.exe after 0.09 seconds
Refreshing native plugins compatible for Editor in 0.73 ms, found 2 plugins.
Preloading 0 native plugins for Editor in 0.00 ms.
Unloading 2310 Unused Serialized files (Serialized files now loaded: 0)
System memory in use before: 124.9 MB.
System memory in use after: 125.0 MB.

Unloading 117 unused Assets to reduce memory usage. Loaded Objects now: 2759.
Total: 4.182100 ms (FindLiveObjects: 0.264700 ms CreateObjectMapping: 0.155800 ms MarkObjects: 3.421500 ms  DeleteObjects: 0.338700 ms)

========================================================================
Received Import Request.
  path: Assets/MyScenes/TyönHakuSivusto.unity
  artifactKey: Guid(94cc5f2e68238e1499418878c85daba2) Importer(815301076,1909f56bfc062723c751e8b465ee728b)
Start importing Assets/MyScenes/TyönHakuSivusto.unity using Guid(94cc5f2e68238e1499418878c85daba2) Importer(815301076,1909f56bfc062723c751e8b465ee728b)  -> (artifact id: '80d3bef1cfa4da3ee2d40c9d7ff5a3a4') in 0.027916 seconds
  Import took 0.033396 seconds .

========================================================================
Received Prepare
Registering precompiled user dll's ...
Registered in 0.198314 seconds.
Begin MonoManager ReloadAssembly
Native extension for WindowsStandalone target not found
Native extension for WebGL target not found
Refreshing native plugins compatible for Editor in 1.32 ms, found 2 plugins.
Preloading 0 native plugins for Editor in 0.00 ms.
Warning: Annotation not found!
UnityEngine.StackTraceUtility:ExtractStackTrace ()
UnityEditor.ProBuilder.EditorUtility:SetGizmoIconEnabled (System.Type,bool) (at Library/PackageCache/com.unity.probuilder@5.0.3/Editor/EditorCore/EditorUtility.cs:575)
UnityEditor.ProBuilder.HierarchyListener:.cctor () (at Library/PackageCache/com.unity.probuilder@5.0.3/Editor/EditorCore/HierarchyListener.cs:21)
System.Runtime.CompilerServices.RuntimeHelpers:RunClassConstructor (System.RuntimeTypeHandle)
UnityEditor.EditorAssemblies:ProcessInitializeOnLoadAttributes (System.Type[])

[Library/PackageCache/com.unity.probuilder@5.0.3/Editor/EditorCore/EditorUtility.cs line 575]

Mono: successfully reloaded assembly
- Completed reload, in  1.781 seconds
Platform modules already initialized, skipping
Refreshing native plugins compatible for Editor in 1.09 ms, found 2 plugins.
Preloading 0 native plugins for Editor in 0.00 ms.
Unloading 2269 Unused Serialized files (Serialized files now loaded: 0)
System memory in use before: 122.3 MB.
System memory in use after: 122.5 MB.

Unloading 15 unused Assets to reduce memory usage. Loaded Objects now: 2761.
Total: 9.138700 ms (FindLiveObjects: 0.300000 ms CreateObjectMapping: 0.124900 ms MarkObjects: 8.542600 ms  DeleteObjects: 0.169500 ms)

========================================================================
Received Import Request.
  Time since last request: 319.975883 seconds.
  path: Assets/MyScenes/Asunto.unity
  artifactKey: Guid(1e7ebaa7ff0fbe148a8b4d5ae05c5a80) Importer(815301076,1909f56bfc062723c751e8b465ee728b)
Start importing Assets/MyScenes/Asunto.unity using Guid(1e7ebaa7ff0fbe148a8b4d5ae05c5a80) Importer(815301076,1909f56bfc062723c751e8b465ee728b)  -> (artifact id: '4e2a72da46f36bc0b7fe6f67b2bd40a4') in 0.072589 seconds
  Import took 0.098799 seconds .

========================================================================
Received Import Request.
  Time since last request: 62.370770 seconds.
  path: Assets/Scripts/AnimationHandler.cs
  artifactKey: Guid(61f989811b4efac4489bf3d6a17a3438) Importer(815301076,1909f56bfc062723c751e8b465ee728b)
Start importing Assets/Scripts/AnimationHandler.cs using Guid(61f989811b4efac4489bf3d6a17a3438) Importer(815301076,1909f56bfc062723c751e8b465ee728b)  -> (artifact id: 'ace12e7d4d5eae87b11d081ed91d1058') in 0.150606 seconds
  Import took 0.159772 seconds .

========================================================================
Received Import Request.
  Time since last request: 657.771039 seconds.
  path: Assets/MyScenes/VideoScene.unity
  artifactKey: Guid(7df37fe0762fb0a43b90313ffaa16918) Importer(815301076,1909f56bfc062723c751e8b465ee728b)
Start importing Assets/MyScenes/VideoScene.unity using Guid(7df37fe0762fb0a43b90313ffaa16918) Importer(815301076,1909f56bfc062723c751e8b465ee728b)  -> (artifact id: 'bddad9288da9ad8c767e84d7b449048c') in 0.056413 seconds
  Import took 0.315397 seconds .

========================================================================
Received Prepare
Registering precompiled user dll's ...
Registered in 0.012249 seconds.
Begin MonoManager ReloadAssembly
Native extension for WindowsStandalone target not found
Native extension for WebGL target not found
Refreshing native plugins compatible for Editor in 1.29 ms, found 2 plugins.
Preloading 0 native plugins for Editor in 0.00 ms.
Warning: Annotation not found!
UnityEngine.StackTraceUtility:ExtractStackTrace ()
UnityEditor.ProBuilder.EditorUtility:SetGizmoIconEnabled (System.Type,bool) (at Library/PackageCache/com.unity.probuilder@5.0.3/Editor/EditorCore/EditorUtility.cs:575)
UnityEditor.ProBuilder.HierarchyListener:.cctor () (at Library/PackageCache/com.unity.probuilder@5.0.3/Editor/EditorCore/HierarchyListener.cs:21)
System.Runtime.CompilerServices.RuntimeHelpers:RunClassConstructor (System.RuntimeTypeHandle)
UnityEditor.EditorAssemblies:ProcessInitializeOnLoadAttributes (System.Type[])

[Library/PackageCache/com.unity.probuilder@5.0.3/Editor/EditorCore/EditorUtility.cs line 575]

Mono: successfully reloaded assembly
- Completed reload, in  2.335 seconds
Platform modules already initialized, skipping
Refreshing native plugins compatible for Editor in 0.78 ms, found 2 plugins.
Preloading 0 native plugins for Editor in 0.00 ms.
Unloading 2269 Unused Serialized files (Serialized files now loaded: 0)
System memory in use before: 122.4 MB.
System memory in use after: 122.5 MB.

Unloading 15 unused Assets to reduce memory usage. Loaded Objects now: 2763.
Total: 7.001700 ms (FindLiveObjects: 0.296800 ms CreateObjectMapping: 0.216900 ms MarkObjects: 6.094000 ms  DeleteObjects: 0.392300 ms)

========================================================================
Received Import Request.
  Time since last request: 243.991371 seconds.
  path: Assets/MyPrefabs/Asunto.prefab
  artifactKey: Guid(c7396da8e9d1af844bc6a21d66dd5c1c) Importer(815301076,1909f56bfc062723c751e8b465ee728b)
Start importing Assets/MyPrefabs/Asunto.prefab using Guid(c7396da8e9d1af844bc6a21d66dd5c1c) Importer(815301076,1909f56bfc062723c751e8b465ee728b)  -> (artifact id: '7772f17f3d738edf7466f0c92321db6c') in 0.723640 seconds
  Import took 0.746169 seconds .

========================================================================
Received Import Request.
  Time since last request: 91.044974 seconds.
  path: Assets/MyScenes/Office.unity
  artifactKey: Guid(4576858cf8b3f184f954f183c4f50488) Importer(815301076,1909f56bfc062723c751e8b465ee728b)
Start importing Assets/MyScenes/Office.unity using Guid(4576858cf8b3f184f954f183c4f50488) Importer(815301076,1909f56bfc062723c751e8b465ee728b)  -> (artifact id: 'ac75846e665e3fce7cbe918dfe57643f') in 0.031762 seconds
  Import took 0.038209 seconds .

========================================================================
Received Import Request.
  Time since last request: 12.900724 seconds.
  path: Assets/MyScenes/Office2.unity
  artifactKey: Guid(e72f8273a775654439f03f5139e299c0) Importer(815301076,1909f56bfc062723c751e8b465ee728b)
Start importing Assets/MyScenes/Office2.unity using Guid(e72f8273a775654439f03f5139e299c0) Importer(815301076,1909f56bfc062723c751e8b465ee728b)  -> (artifact id: 'a8ab5bacd5fea10aae83f20733d7cbbf') in 0.033632 seconds
  Import took 0.041688 seconds .

========================================================================
Received Import Request.
  Time since last request: 20.404358 seconds.
  path: Assets/MyScenes/Office1.unity
  artifactKey: Guid(4576858cf8b3f184f954f183c4f50488) Importer(815301076,1909f56bfc062723c751e8b465ee728b)
Start importing Assets/MyScenes/Office1.unity using Guid(4576858cf8b3f184f954f183c4f50488) Importer(815301076,1909f56bfc062723c751e8b465ee728b)  -> (artifact id: 'c2db68dff320f189a22e45787dc18330') in 0.017368 seconds
  Import took 0.027307 seconds .

========================================================================
Received Import Request.
  Time since last request: 6.930086 seconds.
  path: Assets/MyScenes/Office.unity
  artifactKey: Guid(e72f8273a775654439f03f5139e299c0) Importer(815301076,1909f56bfc062723c751e8b465ee728b)
Start importing Assets/MyScenes/Office.unity using Guid(e72f8273a775654439f03f5139e299c0) Importer(815301076,1909f56bfc062723c751e8b465ee728b)  -> (artifact id: '24ba09d705bb5e70452b7be21f457a3b') in 0.004206 seconds
  Import took 0.011921 seconds .

========================================================================
Received Import Request.
  Time since last request: 3.352797 seconds.
  path: Assets/MyScenes/Asunto.unity
  artifactKey: Guid(1e7ebaa7ff0fbe148a8b4d5ae05c5a80) Importer(815301076,1909f56bfc062723c751e8b465ee728b)
Start importing Assets/MyScenes/Asunto.unity using Guid(1e7ebaa7ff0fbe148a8b4d5ae05c5a80) Importer(815301076,1909f56bfc062723c751e8b465ee728b)  -> (artifact id: '98736c19f38e4aa0f731552f276eac60') in 0.005287 seconds
  Import took 0.013481 seconds .

========================================================================
Received Import Request.
  Time since last request: 0.001222 seconds.
  path: Assets/MyScenes/Asunto.unity
  artifactKey: Guid(1e7ebaa7ff0fbe148a8b4d5ae05c5a80) Importer(815301076,1909f56bfc062723c751e8b465ee728b)
Start importing Assets/MyScenes/Asunto.unity using Guid(1e7ebaa7ff0fbe148a8b4d5ae05c5a80) Importer(815301076,1909f56bfc062723c751e8b465ee728b)  -> (artifact id: '98736c19f38e4aa0f731552f276eac60') in 0.003676 seconds
  Import took 0.010924 seconds .

========================================================================
Received Import Request.
  Time since last request: 2441.395460 seconds.
  path: Assets/MyScripts/GameControl.cs
  artifactKey: Guid(57ef1577c6bffe04081cce986d1e9bef) Importer(815301076,1909f56bfc062723c751e8b465ee728b)
Start importing Assets/MyScripts/GameControl.cs using Guid(57ef1577c6bffe04081cce986d1e9bef) Importer(815301076,1909f56bfc062723c751e8b465ee728b)  -> (artifact id: '752c9a97f544b6d4eac8f7248c8532b3') in 0.075904 seconds
  Import took 0.258989 seconds .

========================================================================
Received Import Request.
  Time since last request: 0.042277 seconds.
  path: Assets/MyScripts/GameControl.cs
  artifactKey: Guid(57ef1577c6bffe04081cce986d1e9bef) Importer(815301076,1909f56bfc062723c751e8b465ee728b)
Start importing Assets/MyScripts/GameControl.cs using Guid(57ef1577c6bffe04081cce986d1e9bef) Importer(815301076,1909f56bfc062723c751e8b465ee728b)  -> (artifact id: '752c9a97f544b6d4eac8f7248c8532b3') in 0.007269 seconds
  Import took 0.016589 seconds .

========================================================================
Received Import Request.
  Time since last request: 11.784285 seconds.
  path: Assets/MyScripts/GameControl.cs
  artifactKey: Guid(57ef1577c6bffe04081cce986d1e9bef) Importer(815301076,1909f56bfc062723c751e8b465ee728b)
Start importing Assets/MyScripts/GameControl.cs using Guid(57ef1577c6bffe04081cce986d1e9bef) Importer(815301076,1909f56bfc062723c751e8b465ee728b)  -> (artifact id: '726f546d76252e2827b5fdd1d870766e') in 0.006190 seconds
  Import took 0.014191 seconds .

========================================================================
Received Prepare
Registering precompiled user dll's ...
Registered in 0.014118 seconds.
Begin MonoManager ReloadAssembly
Native extension for WindowsStandalone target not found
Native extension for WebGL target not found
Refreshing native plugins compatible for Editor in 1.12 ms, found 2 plugins.
Preloading 0 native plugins for Editor in 0.00 ms.
Warning: Annotation not found!
UnityEngine.StackTraceUtility:ExtractStackTrace ()
UnityEditor.ProBuilder.EditorUtility:SetGizmoIconEnabled (System.Type,bool) (at Library/PackageCache/com.unity.probuilder@5.0.3/Editor/EditorCore/EditorUtility.cs:575)
UnityEditor.ProBuilder.HierarchyListener:.cctor () (at Library/PackageCache/com.unity.probuilder@5.0.3/Editor/EditorCore/HierarchyListener.cs:21)
System.Runtime.CompilerServices.RuntimeHelpers:RunClassConstructor (System.RuntimeTypeHandle)
UnityEditor.EditorAssemblies:ProcessInitializeOnLoadAttributes (System.Type[])

[Library/PackageCache/com.unity.probuilder@5.0.3/Editor/EditorCore/EditorUtility.cs line 575]

Mono: successfully reloaded assembly
- Completed reload, in  2.356 seconds
Platform modules already initialized, skipping
Refreshing native plugins compatible for Editor in 0.69 ms, found 2 plugins.
Preloading 0 native plugins for Editor in 0.00 ms.
Unloading 2269 Unused Serialized files (Serialized files now loaded: 0)
System memory in use before: 125.1 MB.
System memory in use after: 125.3 MB.

Unloading 16 unused Assets to reduce memory usage. Loaded Objects now: 2773.
Total: 22.205000 ms (FindLiveObjects: 1.137600 ms CreateObjectMapping: 0.196200 ms MarkObjects: 19.971900 ms  DeleteObjects: 0.897400 ms)

========================================================================
Received Prepare
Registering precompiled user dll's ...
Registered in 0.012514 seconds.
Begin MonoManager ReloadAssembly
Native extension for WindowsStandalone target not found
Native extension for WebGL target not found
Refreshing native plugins compatible for Editor in 0.88 ms, found 2 plugins.
Preloading 0 native plugins for Editor in 0.00 ms.
Warning: Annotation not found!
UnityEngine.StackTraceUtility:ExtractStackTrace ()
UnityEditor.ProBuilder.EditorUtility:SetGizmoIconEnabled (System.Type,bool) (at Library/PackageCache/com.unity.probuilder@5.0.3/Editor/EditorCore/EditorUtility.cs:575)
UnityEditor.ProBuilder.HierarchyListener:.cctor () (at Library/PackageCache/com.unity.probuilder@5.0.3/Editor/EditorCore/HierarchyListener.cs:21)
System.Runtime.CompilerServices.RuntimeHelpers:RunClassConstructor (System.RuntimeTypeHandle)
UnityEditor.EditorAssemblies:ProcessInitializeOnLoadAttributes (System.Type[])

[Library/PackageCache/com.unity.probuilder@5.0.3/Editor/EditorCore/EditorUtility.cs line 575]

Mono: successfully reloaded assembly
- Completed reload, in  1.723 seconds
Platform modules already initialized, skipping
Refreshing native plugins compatible for Editor in 0.68 ms, found 2 plugins.
Preloading 0 native plugins for Editor in 0.00 ms.
Unloading 2269 Unused Serialized files (Serialized files now loaded: 0)
System memory in use before: 125.1 MB.
System memory in use after: 125.3 MB.

Unloading 15 unused Assets to reduce memory usage. Loaded Objects now: 2775.
Total: 11.047200 ms (FindLiveObjects: 0.283800 ms CreateObjectMapping: 0.129100 ms MarkObjects: 10.120000 ms  DeleteObjects: 0.511800 ms)

========================================================================
Received Import Request.
  Time since last request: 566.298406 seconds.
  path: Assets/MyScenes/VideoScene.unity
  artifactKey: Guid(7df37fe0762fb0a43b90313ffaa16918) Importer(815301076,1909f56bfc062723c751e8b465ee728b)
Start importing Assets/MyScenes/VideoScene.unity using Guid(7df37fe0762fb0a43b90313ffaa16918) Importer(815301076,1909f56bfc062723c751e8b465ee728b)  -> (artifact id: '1ea7a528a020c5e009f689048754e7a1') in 0.331035 seconds
  Import took 0.457282 seconds .

========================================================================
Received Prepare
Registering precompiled user dll's ...
Registered in 0.014540 seconds.
Begin MonoManager ReloadAssembly
Native extension for WindowsStandalone target not found
Native extension for WebGL target not found
Refreshing native plugins compatible for Editor in 0.85 ms, found 2 plugins.
Preloading 0 native plugins for Editor in 0.00 ms.
Warning: Annotation not found!
UnityEngine.StackTraceUtility:ExtractStackTrace ()
UnityEditor.ProBuilder.EditorUtility:SetGizmoIconEnabled (System.Type,bool) (at Library/PackageCache/com.unity.probuilder@5.0.3/Editor/EditorCore/EditorUtility.cs:575)
UnityEditor.ProBuilder.HierarchyListener:.cctor () (at Library/PackageCache/com.unity.probuilder@5.0.3/Editor/EditorCore/HierarchyListener.cs:21)
System.Runtime.CompilerServices.RuntimeHelpers:RunClassConstructor (System.RuntimeTypeHandle)
UnityEditor.EditorAssemblies:ProcessInitializeOnLoadAttributes (System.Type[])

[Library/PackageCache/com.unity.probuilder@5.0.3/Editor/EditorCore/EditorUtility.cs line 575]

Mono: successfully reloaded assembly
- Completed reload, in  2.193 seconds
Platform modules already initialized, skipping
Refreshing native plugins compatible for Editor in 0.96 ms, found 2 plugins.
Preloading 0 native plugins for Editor in 0.00 ms.
Unloading 2269 Unused Serialized files (Serialized files now loaded: 0)
System memory in use before: 125.0 MB.
System memory in use after: 125.2 MB.

Unloading 15 unused Assets to reduce memory usage. Loaded Objects now: 2777.
Total: 5.029700 ms (FindLiveObjects: 0.343300 ms CreateObjectMapping: 0.140200 ms MarkObjects: 3.582100 ms  DeleteObjects: 0.961700 ms)

========================================================================
Received Prepare
Registering precompiled user dll's ...
Registered in 0.011083 seconds.
Begin MonoManager ReloadAssembly
Native extension for WindowsStandalone target not found
Native extension for WebGL target not found
Refreshing native plugins compatible for Editor in 0.81 ms, found 2 plugins.
Preloading 0 native plugins for Editor in 0.00 ms.
Warning: Annotation not found!
UnityEngine.StackTraceUtility:ExtractStackTrace ()
UnityEditor.ProBuilder.EditorUtility:SetGizmoIconEnabled (System.Type,bool) (at Library/PackageCache/com.unity.probuilder@5.0.3/Editor/EditorCore/EditorUtility.cs:575)
UnityEditor.ProBuilder.HierarchyListener:.cctor () (at Library/PackageCache/com.unity.probuilder@5.0.3/Editor/EditorCore/HierarchyListener.cs:21)
System.Runtime.CompilerServices.RuntimeHelpers:RunClassConstructor (System.RuntimeTypeHandle)
UnityEditor.EditorAssemblies:ProcessInitializeOnLoadAttributes (System.Type[])

[Library/PackageCache/com.unity.probuilder@5.0.3/Editor/EditorCore/EditorUtility.cs line 575]

Mono: successfully reloaded assembly
- Completed reload, in  1.296 seconds
Platform modules already initialized, skipping
Refreshing native plugins compatible for Editor in 0.77 ms, found 2 plugins.
Preloading 0 native plugins for Editor in 0.00 ms.
Unloading 2269 Unused Serialized files (Serialized files now loaded: 0)
System memory in use before: 125.2 MB.
System memory in use after: 125.3 MB.

Unloading 15 unused Assets to reduce memory usage. Loaded Objects now: 2779.
Total: 3.607400 ms (FindLiveObjects: 0.440100 ms CreateObjectMapping: 0.179000 ms MarkObjects: 2.876100 ms  DeleteObjects: 0.111100 ms)

========================================================================
Received Prepare
Registering precompiled user dll's ...
Registered in 0.023994 seconds.
Begin MonoManager ReloadAssembly
Native extension for WindowsStandalone target not found
Native extension for WebGL target not found
Refreshing native plugins compatible for Editor in 1.09 ms, found 2 plugins.
Preloading 0 native plugins for Editor in 0.00 ms.
Warning: Annotation not found!
UnityEngine.StackTraceUtility:ExtractStackTrace ()
UnityEditor.ProBuilder.EditorUtility:SetGizmoIconEnabled (System.Type,bool) (at Library/PackageCache/com.unity.probuilder@5.0.3/Editor/EditorCore/EditorUtility.cs:575)
UnityEditor.ProBuilder.HierarchyListener:.cctor () (at Library/PackageCache/com.unity.probuilder@5.0.3/Editor/EditorCore/HierarchyListener.cs:21)
System.Runtime.CompilerServices.RuntimeHelpers:RunClassConstructor (System.RuntimeTypeHandle)
UnityEditor.EditorAssemblies:ProcessInitializeOnLoadAttributes (System.Type[])

[Library/PackageCache/com.unity.probuilder@5.0.3/Editor/EditorCore/EditorUtility.cs line 575]

Mono: successfully reloaded assembly
- Completed reload, in  1.748 seconds
Platform modules already initialized, skipping
Refreshing native plugins compatible for Editor in 0.96 ms, found 2 plugins.
Preloading 0 native plugins for Editor in 0.00 ms.
Unloading 2269 Unused Serialized files (Serialized files now loaded: 0)
System memory in use before: 125.2 MB.
System memory in use after: 125.3 MB.

Unloading 15 unused Assets to reduce memory usage. Loaded Objects now: 2781.
Total: 4.452700 ms (FindLiveObjects: 0.344200 ms CreateObjectMapping: 0.106200 ms MarkObjects: 3.859300 ms  DeleteObjects: 0.140600 ms)

========================================================================
Received Prepare
Registering precompiled user dll's ...
Registered in 0.029867 seconds.
Begin MonoManager ReloadAssembly
Native extension for WindowsStandalone target not found
Native extension for WebGL target not found
Refreshing native plugins compatible for Editor in 0.75 ms, found 2 plugins.
Preloading 0 native plugins for Editor in 0.00 ms.
Warning: Annotation not found!
UnityEngine.StackTraceUtility:ExtractStackTrace ()
UnityEditor.ProBuilder.EditorUtility:SetGizmoIconEnabled (System.Type,bool) (at Library/PackageCache/com.unity.probuilder@5.0.3/Editor/EditorCore/EditorUtility.cs:575)
UnityEditor.ProBuilder.HierarchyListener:.cctor () (at Library/PackageCache/com.unity.probuilder@5.0.3/Editor/EditorCore/HierarchyListener.cs:21)
System.Runtime.CompilerServices.RuntimeHelpers:RunClassConstructor (System.RuntimeTypeHandle)
UnityEditor.EditorAssemblies:ProcessInitializeOnLoadAttributes (System.Type[])

[Library/PackageCache/com.unity.probuilder@5.0.3/Editor/EditorCore/EditorUtility.cs line 575]

Mono: successfully reloaded assembly
- Completed reload, in  1.278 seconds
Platform modules already initialized, skipping
Refreshing native plugins compatible for Editor in 0.72 ms, found 2 plugins.
Preloading 0 native plugins for Editor in 0.00 ms.
Unloading 2269 Unused Serialized files (Serialized files now loaded: 0)
System memory in use before: 125.2 MB.
System memory in use after: 125.3 MB.

Unloading 15 unused Assets to reduce memory usage. Loaded Objects now: 2783.
Total: 3.368800 ms (FindLiveObjects: 0.316800 ms CreateObjectMapping: 0.127200 ms MarkObjects: 2.820000 ms  DeleteObjects: 0.103400 ms)

========================================================================
Received Prepare
Registering precompiled user dll's ...
Registered in 0.010688 seconds.
Begin MonoManager ReloadAssembly
Native extension for WindowsStandalone target not found
Native extension for WebGL target not found
Refreshing native plugins compatible for Editor in 0.91 ms, found 2 plugins.
Preloading 0 native plugins for Editor in 0.00 ms.
Warning: Annotation not found!
UnityEngine.StackTraceUtility:ExtractStackTrace ()
UnityEditor.ProBuilder.EditorUtility:SetGizmoIconEnabled (System.Type,bool) (at Library/PackageCache/com.unity.probuilder@5.0.3/Editor/EditorCore/EditorUtility.cs:575)
UnityEditor.ProBuilder.HierarchyListener:.cctor () (at Library/PackageCache/com.unity.probuilder@5.0.3/Editor/EditorCore/HierarchyListener.cs:21)
System.Runtime.CompilerServices.RuntimeHelpers:RunClassConstructor (System.RuntimeTypeHandle)
UnityEditor.EditorAssemblies:ProcessInitializeOnLoadAttributes (System.Type[])

[Library/PackageCache/com.unity.probuilder@5.0.3/Editor/EditorCore/EditorUtility.cs line 575]

Mono: successfully reloaded assembly
- Completed reload, in  1.363 seconds
Platform modules already initialized, skipping
Refreshing native plugins compatible for Editor in 1.18 ms, found 2 plugins.
Preloading 0 native plugins for Editor in 0.00 ms.
Unloading 2269 Unused Serialized files (Serialized files now loaded: 0)
System memory in use before: 125.2 MB.
System memory in use after: 125.3 MB.

Unloading 15 unused Assets to reduce memory usage. Loaded Objects now: 2785.
Total: 6.119400 ms (FindLiveObjects: 0.314700 ms CreateObjectMapping: 0.104500 ms MarkObjects: 5.277000 ms  DeleteObjects: 0.421000 ms)

========================================================================
Received Import Request.
  Time since last request: 442.282375 seconds.
  path: Assets/MyScenes/Asunto.unity
  artifactKey: Guid(1e7ebaa7ff0fbe148a8b4d5ae05c5a80) Importer(815301076,1909f56bfc062723c751e8b465ee728b)
Start importing Assets/MyScenes/Asunto.unity using Guid(1e7ebaa7ff0fbe148a8b4d5ae05c5a80) Importer(815301076,1909f56bfc062723c751e8b465ee728b)  -> (artifact id: 'f2f1b1db3e93d0d6034e7c230fa94a59') in 0.076416 seconds
  Import took 0.084717 seconds .

========================================================================
Received Import Request.
  Time since last request: 782.076567 seconds.
  path: Assets/MyScripts/PauseScene.cs
  artifactKey: Guid(3319b5a2e53c8044683dfbf5f8263689) Importer(815301076,1909f56bfc062723c751e8b465ee728b)
Start importing Assets/MyScripts/PauseScene.cs using Guid(3319b5a2e53c8044683dfbf5f8263689) Importer(815301076,1909f56bfc062723c751e8b465ee728b)  -> (artifact id: 'bedbb7b7c1940c003d550adcb5d6abad') in 0.102256 seconds
  Import took 0.721674 seconds .

========================================================================
Received Prepare
Registering precompiled user dll's ...
Registered in 0.020901 seconds.
Begin MonoManager ReloadAssembly
Native extension for WindowsStandalone target not found
Native extension for WebGL target not found
Refreshing native plugins compatible for Editor in 0.83 ms, found 2 plugins.
Preloading 0 native plugins for Editor in 0.00 ms.
Warning: Annotation not found!
UnityEngine.StackTraceUtility:ExtractStackTrace ()
UnityEditor.ProBuilder.EditorUtility:SetGizmoIconEnabled (System.Type,bool) (at Library/PackageCache/com.unity.probuilder@5.0.3/Editor/EditorCore/EditorUtility.cs:575)
UnityEditor.ProBuilder.HierarchyListener:.cctor () (at Library/PackageCache/com.unity.probuilder@5.0.3/Editor/EditorCore/HierarchyListener.cs:21)
System.Runtime.CompilerServices.RuntimeHelpers:RunClassConstructor (System.RuntimeTypeHandle)
UnityEditor.EditorAssemblies:ProcessInitializeOnLoadAttributes (System.Type[])

[Library/PackageCache/com.unity.probuilder@5.0.3/Editor/EditorCore/EditorUtility.cs line 575]

Mono: successfully reloaded assembly
- Completed reload, in  3.985 seconds
Platform modules already initialized, skipping
Refreshing native plugins compatible for Editor in 0.70 ms, found 2 plugins.
Preloading 0 native plugins for Editor in 0.00 ms.
Unloading 2270 Unused Serialized files (Serialized files now loaded: 0)
System memory in use before: 125.1 MB.
System memory in use after: 125.3 MB.

Unloading 15 unused Assets to reduce memory usage. Loaded Objects now: 2788.
Total: 15.552700 ms (FindLiveObjects: 1.254700 ms CreateObjectMapping: 0.137300 ms MarkObjects: 13.452900 ms  DeleteObjects: 0.706400 ms)

========================================================================
Received Import Request.
  Time since last request: 54.305031 seconds.
  path: Assets/MyScripts/PauseScene.cs
  artifactKey: Guid(3319b5a2e53c8044683dfbf5f8263689) Importer(815301076,1909f56bfc062723c751e8b465ee728b)
Start importing Assets/MyScripts/PauseScene.cs using Guid(3319b5a2e53c8044683dfbf5f8263689) Importer(815301076,1909f56bfc062723c751e8b465ee728b)  -> (artifact id: '0fd21ee6096d87a72318eca8105024bb') in 0.013057 seconds
  Import took 0.019501 seconds .

========================================================================
Received Import Request.
  Time since last request: 58.825394 seconds.
  path: Assets/MyScripts/PauseScene.cs
  artifactKey: Guid(3319b5a2e53c8044683dfbf5f8263689) Importer(815301076,1909f56bfc062723c751e8b465ee728b)
Start importing Assets/MyScripts/PauseScene.cs using Guid(3319b5a2e53c8044683dfbf5f8263689) Importer(815301076,1909f56bfc062723c751e8b465ee728b)  -> (artifact id: 'b645c4e96c93df81d235979287e30f50') in 0.005809 seconds
  Import took 0.011930 seconds .

========================================================================
Received Import Request.
  Time since last request: 74.630021 seconds.
  path: Assets/MyScripts/PauseScene.cs
  artifactKey: Guid(3319b5a2e53c8044683dfbf5f8263689) Importer(815301076,1909f56bfc062723c751e8b465ee728b)
Start importing Assets/MyScripts/PauseScene.cs using Guid(3319b5a2e53c8044683dfbf5f8263689) Importer(815301076,1909f56bfc062723c751e8b465ee728b)  -> (artifact id: '6d67afd89da6ccbeafe3c6507be53a7d') in 0.006021 seconds
  Import took 0.013560 seconds .

========================================================================
Received Import Request.
  Time since last request: 132.442158 seconds.
  path: Assets/MyScripts/PauseScene.cs
  artifactKey: Guid(3319b5a2e53c8044683dfbf5f8263689) Importer(815301076,1909f56bfc062723c751e8b465ee728b)
Start importing Assets/MyScripts/PauseScene.cs using Guid(3319b5a2e53c8044683dfbf5f8263689) Importer(815301076,1909f56bfc062723c751e8b465ee728b)  -> (artifact id: '5f581949b33a1e2e5f48543ec99b8c72') in 0.008706 seconds
  Import took 0.016518 seconds .

========================================================================
Received Prepare
Registering precompiled user dll's ...
Registered in 0.014633 seconds.
Begin MonoManager ReloadAssembly
Native extension for WindowsStandalone target not found
Native extension for WebGL target not found
Refreshing native plugins compatible for Editor in 1.39 ms, found 2 plugins.
Preloading 0 native plugins for Editor in 0.00 ms.
Warning: Annotation not found!
UnityEngine.StackTraceUtility:ExtractStackTrace ()
UnityEditor.ProBuilder.EditorUtility:SetGizmoIconEnabled (System.Type,bool) (at Library/PackageCache/com.unity.probuilder@5.0.3/Editor/EditorCore/EditorUtility.cs:575)
UnityEditor.ProBuilder.HierarchyListener:.cctor () (at Library/PackageCache/com.unity.probuilder@5.0.3/Editor/EditorCore/HierarchyListener.cs:21)
System.Runtime.CompilerServices.RuntimeHelpers:RunClassConstructor (System.RuntimeTypeHandle)
UnityEditor.EditorAssemblies:ProcessInitializeOnLoadAttributes (System.Type[])

[Library/PackageCache/com.unity.probuilder@5.0.3/Editor/EditorCore/EditorUtility.cs line 575]

Mono: successfully reloaded assembly
- Completed reload, in  2.084 seconds
Platform modules already initialized, skipping
Refreshing native plugins compatible for Editor in 0.69 ms, found 2 plugins.
Preloading 0 native plugins for Editor in 0.00 ms.
Unloading 2270 Unused Serialized files (Serialized files now loaded: 0)
System memory in use before: 125.2 MB.
System memory in use after: 125.4 MB.

Unloading 15 unused Assets to reduce memory usage. Loaded Objects now: 2790.
Total: 18.524500 ms (FindLiveObjects: 0.785300 ms CreateObjectMapping: 0.179100 ms MarkObjects: 16.588000 ms  DeleteObjects: 0.969800 ms)

========================================================================
Received Import Request.
  Time since last request: 112.239812 seconds.
  path: Assets/MyScenes/VideoScene.unity
  artifactKey: Guid(7df37fe0762fb0a43b90313ffaa16918) Importer(815301076,1909f56bfc062723c751e8b465ee728b)
Start importing Assets/MyScenes/VideoScene.unity using Guid(7df37fe0762fb0a43b90313ffaa16918) Importer(815301076,1909f56bfc062723c751e8b465ee728b)  -> (artifact id: '94c0dde3705e778f5bd0305eb0904e8f') in 0.067366 seconds
  Import took 0.075678 seconds .

========================================================================
Received Import Request.
  Time since last request: 13.706416 seconds.
  path: Assets/MyScenes/Asunto.unity
  artifactKey: Guid(1e7ebaa7ff0fbe148a8b4d5ae05c5a80) Importer(815301076,1909f56bfc062723c751e8b465ee728b)
Start importing Assets/MyScenes/Asunto.unity using Guid(1e7ebaa7ff0fbe148a8b4d5ae05c5a80) Importer(815301076,1909f56bfc062723c751e8b465ee728b)  -> (artifact id: '5022dc6223cec55d2f308d2bf82bb9ff') in 0.011423 seconds
  Import took 0.020112 seconds .

========================================================================
Received Prepare
Registering precompiled user dll's ...
Registered in 0.015406 seconds.
Begin MonoManager ReloadAssembly
Native extension for WindowsStandalone target not found
Native extension for WebGL target not found
Refreshing native plugins compatible for Editor in 1.28 ms, found 2 plugins.
Preloading 0 native plugins for Editor in 0.00 ms.
Warning: Annotation not found!
UnityEngine.StackTraceUtility:ExtractStackTrace ()
UnityEditor.ProBuilder.EditorUtility:SetGizmoIconEnabled (System.Type,bool) (at Library/PackageCache/com.unity.probuilder@5.0.3/Editor/EditorCore/EditorUtility.cs:575)
UnityEditor.ProBuilder.HierarchyListener:.cctor () (at Library/PackageCache/com.unity.probuilder@5.0.3/Editor/EditorCore/HierarchyListener.cs:21)
System.Runtime.CompilerServices.RuntimeHelpers:RunClassConstructor (System.RuntimeTypeHandle)
UnityEditor.EditorAssemblies:ProcessInitializeOnLoadAttributes (System.Type[])

[Library/PackageCache/com.unity.probuilder@5.0.3/Editor/EditorCore/EditorUtility.cs line 575]

Mono: successfully reloaded assembly
- Completed reload, in  2.560 seconds
Platform modules already initialized, skipping
Refreshing native plugins compatible for Editor in 0.70 ms, found 2 plugins.
Preloading 0 native plugins for Editor in 0.00 ms.
Unloading 2270 Unused Serialized files (Serialized files now loaded: 0)
System memory in use before: 125.2 MB.
System memory in use after: 125.4 MB.

Unloading 15 unused Assets to reduce memory usage. Loaded Objects now: 2792.
Total: 9.554700 ms (FindLiveObjects: 1.263800 ms CreateObjectMapping: 0.194600 ms MarkObjects: 7.593700 ms  DeleteObjects: 0.500900 ms)

========================================================================
Received Prepare
Registering precompiled user dll's ...
Registered in 0.014993 seconds.
Begin MonoManager ReloadAssembly
Native extension for WindowsStandalone target not found
Native extension for WebGL target not found
Refreshing native plugins compatible for Editor in 0.87 ms, found 2 plugins.
Preloading 0 native plugins for Editor in 0.00 ms.
Warning: Annotation not found!
UnityEngine.StackTraceUtility:ExtractStackTrace ()
UnityEditor.ProBuilder.EditorUtility:SetGizmoIconEnabled (System.Type,bool) (at Library/PackageCache/com.unity.probuilder@5.0.3/Editor/EditorCore/EditorUtility.cs:575)
UnityEditor.ProBuilder.HierarchyListener:.cctor () (at Library/PackageCache/com.unity.probuilder@5.0.3/Editor/EditorCore/HierarchyListener.cs:21)
System.Runtime.CompilerServices.RuntimeHelpers:RunClassConstructor (System.RuntimeTypeHandle)
UnityEditor.EditorAssemblies:ProcessInitializeOnLoadAttributes (System.Type[])

[Library/PackageCache/com.unity.probuilder@5.0.3/Editor/EditorCore/EditorUtility.cs line 575]

Mono: successfully reloaded assembly
- Completed reload, in  1.240 seconds
Platform modules already initialized, skipping
Refreshing native plugins compatible for Editor in 0.67 ms, found 2 plugins.
Preloading 0 native plugins for Editor in 0.00 ms.
Unloading 2270 Unused Serialized files (Serialized files now loaded: 0)
System memory in use before: 125.2 MB.
System memory in use after: 125.4 MB.

Unloading 15 unused Assets to reduce memory usage. Loaded Objects now: 2794.
Total: 3.057900 ms (FindLiveObjects: 0.253800 ms CreateObjectMapping: 0.108200 ms MarkObjects: 2.570500 ms  DeleteObjects: 0.124200 ms)

========================================================================
Received Import Request.
  Time since last request: 332.085271 seconds.
  path: Assets/MyScenes/Asunto.unity
  artifactKey: Guid(1e7ebaa7ff0fbe148a8b4d5ae05c5a80) Importer(815301076,1909f56bfc062723c751e8b465ee728b)
Start importing Assets/MyScenes/Asunto.unity using Guid(1e7ebaa7ff0fbe148a8b4d5ae05c5a80) Importer(815301076,1909f56bfc062723c751e8b465ee728b)  -> (artifact id: '08010d0e686b868cd44361d6b42d67df') in 0.037450 seconds
  Import took 0.046590 seconds .

========================================================================
Received Prepare
Registering precompiled user dll's ...
Registered in 0.013405 seconds.
Begin MonoManager ReloadAssembly
Native extension for WindowsStandalone target not found
Native extension for WebGL target not found
Refreshing native plugins compatible for Editor in 1.68 ms, found 2 plugins.
Preloading 0 native plugins for Editor in 0.00 ms.
Warning: Annotation not found!
UnityEngine.StackTraceUtility:ExtractStackTrace ()
UnityEditor.ProBuilder.EditorUtility:SetGizmoIconEnabled (System.Type,bool) (at Library/PackageCache/com.unity.probuilder@5.0.3/Editor/EditorCore/EditorUtility.cs:575)
UnityEditor.ProBuilder.HierarchyListener:.cctor () (at Library/PackageCache/com.unity.probuilder@5.0.3/Editor/EditorCore/HierarchyListener.cs:21)
System.Runtime.CompilerServices.RuntimeHelpers:RunClassConstructor (System.RuntimeTypeHandle)
UnityEditor.EditorAssemblies:ProcessInitializeOnLoadAttributes (System.Type[])

[Library/PackageCache/com.unity.probuilder@5.0.3/Editor/EditorCore/EditorUtility.cs line 575]

Mono: successfully reloaded assembly
- Completed reload, in  1.626 seconds
Platform modules already initialized, skipping
Refreshing native plugins compatible for Editor in 0.82 ms, found 2 plugins.
Preloading 0 native plugins for Editor in 0.00 ms.
Unloading 2270 Unused Serialized files (Serialized files now loaded: 0)
System memory in use before: 125.2 MB.
System memory in use after: 125.4 MB.

Unloading 15 unused Assets to reduce memory usage. Loaded Objects now: 2796.
Total: 6.260800 ms (FindLiveObjects: 0.334100 ms CreateObjectMapping: 0.119900 ms MarkObjects: 5.377400 ms  DeleteObjects: 0.427700 ms)

========================================================================
Received Prepare
Registering precompiled user dll's ...
Registered in 0.007322 seconds.
Begin MonoManager ReloadAssembly
Native extension for WindowsStandalone target not found
Native extension for WebGL target not found
Refreshing native plugins compatible for Editor in 0.74 ms, found 2 plugins.
Preloading 0 native plugins for Editor in 0.00 ms.
Warning: Annotation not found!
UnityEngine.StackTraceUtility:ExtractStackTrace ()
UnityEditor.ProBuilder.EditorUtility:SetGizmoIconEnabled (System.Type,bool) (at Library/PackageCache/com.unity.probuilder@5.0.3/Editor/EditorCore/EditorUtility.cs:575)
UnityEditor.ProBuilder.HierarchyListener:.cctor () (at Library/PackageCache/com.unity.probuilder@5.0.3/Editor/EditorCore/HierarchyListener.cs:21)
System.Runtime.CompilerServices.RuntimeHelpers:RunClassConstructor (System.RuntimeTypeHandle)
UnityEditor.EditorAssemblies:ProcessInitializeOnLoadAttributes (System.Type[])

[Library/PackageCache/com.unity.probuilder@5.0.3/Editor/EditorCore/EditorUtility.cs line 575]

Mono: successfully reloaded assembly
- Completed reload, in  1.227 seconds
Platform modules already initialized, skipping
Refreshing native plugins compatible for Editor in 0.81 ms, found 2 plugins.
Preloading 0 native plugins for Editor in 0.00 ms.
Unloading 2270 Unused Serialized files (Serialized files now loaded: 0)
System memory in use before: 125.1 MB.
System memory in use after: 125.3 MB.

Unloading 15 unused Assets to reduce memory usage. Loaded Objects now: 2798.
Total: 3.471600 ms (FindLiveObjects: 0.281500 ms CreateObjectMapping: 0.129500 ms MarkObjects: 2.917900 ms  DeleteObjects: 0.141300 ms)

AssetImportWorkerClient::OnTransportError - code=2 error=End of file
